<?xml version="1.0" encoding="UTF-8"?>
<!-- Generated by org.testng.reporters.JUnitReportReporter -->
<testsuite skipped="0" hostname="DESKTOP-0AA0O4F" name="mytestcases.RestApiTest" tests="2" failures="0" timestamp="20 Jul 2019 18:23:32 GMT" time="0.000" errors="0">
  <testcase name="postJira" time="0.000" classname="mytestcases.RestApiTest"/>
  <testcase name="deleteTwitter" time="0.000" classname="mytestcases.RestApiTest"/>
</testsuite> <!-- mytestcases.RestApiTest -->
