<?xml version="1.0" encoding="UTF-8"?>
<!-- Generated by org.testng.reporters.JUnitReportReporter -->
<testsuite skipped="0" hostname="DESKTOP-0AA0O4F" name="mytestcases.AppiumTest" tests="2" failures="0" timestamp="20 Jul 2019 18:23:32 GMT" time="0.013" errors="0">
  <testcase name="nativeAppAndroid" time="0.002" classname="mytestcases.AppiumTest"/>
  <testcase name="iosApps" time="0.011" classname="mytestcases.AppiumTest"/>
</testsuite> <!-- mytestcases.AppiumTest -->
