<?xml version="1.0" encoding="UTF-8"?>
<!-- Generated by org.testng.reporters.JUnitReportReporter -->
<testsuite skipped="0" hostname="DESKTOP-0AA0O4F" name="mytestcases.SeleniumTest" tests="2" failures="0" timestamp="20 Jul 2019 18:23:32 GMT" time="0.001" errors="0">
  <testcase name="elements" time="0.000" classname="mytestcases.SeleniumTest"/>
  <testcase name="BrowserAutomation" time="0.001" classname="mytestcases.SeleniumTest"/>
</testsuite> <!-- mytestcases.SeleniumTest -->
