<?xml version="1.0" encoding="UTF-8"?>
<!-- Generated by org.testng.reporters.JUnitReportReporter -->
<testsuite skipped="0" hostname="DESKTOP-0AA0O4F" name="mytestcases.AppTest" tests="1" failures="0" timestamp="20 Jul 2019 18:23:32 GMT" time="0.001" errors="0">
  <testcase name="testApp" time="0.001" classname="mytestcases.AppTest"/>
</testsuite> <!-- mytestcases.AppTest -->
